<?xml version="1.0" encoding="UTF-8"?>
<!-- Generated by org.testng.reporters.JUnitXMLReporter -->
<testsuite ignored="1" hostname="ip-10-199-113-64" failures="0" tests="3" name="Default test" time="7.464" errors="0" timestamp="2022-08-02T01:17:35 UTC">
  <testcase classname="tests.ProductTest" name="verifyAddProduct" time="1.671"/>
  <testcase classname="tests.ProductTest" name="verifyAddProductWithMapPayload" time="0.416"/>
  <testcase classname="tests.ProductTest" name="verifyGetRequest" time="3.842"/>
  <testcase classname="tests.ProductTest" name="verifyEndToEndCallFlow" time="0.0">
    <ignored/>
  </testcase> <!-- verifyEndToEndCallFlow -->
</testsuite> <!-- Default test -->
