<?xml version="1.0" encoding="UTF-8"?>
<testng-results ignored="1" total="4" passed="3" failed="0" skipped="0">
  <reporter-output>
  </reporter-output>
  <suite started-at="2022-08-02T01:17:28 UTC" name="Default suite" finished-at="2022-08-02T01:17:35 UTC" duration-ms="7464">
    <groups>
    </groups>
    <test started-at="2022-08-02T01:17:28 UTC" name="Default test" finished-at="2022-08-02T01:17:35 UTC" duration-ms="7464">
      <class name="tests.ProductTest">
        <test-method is-config="true" signature="presetup()[pri:0, instance:tests.ProductTest@13c10b87]" started-at="2022-08-02T01:17:27 UTC" name="presetup" finished-at="2022-08-02T01:17:28 UTC" duration-ms="299" status="PASS">
          <reporter-output>
          </reporter-output>
        </test-method> <!-- presetup -->
        <test-method is-config="true" signature="setup()[pri:0, instance:tests.ProductTest@13c10b87]" started-at="2022-08-02T01:17:28 UTC" name="setup" finished-at="2022-08-02T01:17:28 UTC" duration-ms="928" status="PASS">
          <reporter-output>
          </reporter-output>
        </test-method> <!-- setup -->
        <test-method signature="verifyAddProduct()[pri:0, instance:tests.ProductTest@13c10b87]" started-at="2022-08-02T01:17:28 UTC" name="verifyAddProduct" finished-at="2022-08-02T01:17:30 UTC" duration-ms="1671" status="PASS">
          <reporter-output>
          </reporter-output>
        </test-method> <!-- verifyAddProduct -->
        <test-method is-config="true" signature="postTestCheck(org.testng.ITestResult)[pri:0, instance:tests.ProductTest@13c10b87]" started-at="2022-08-02T01:17:30 UTC" name="postTestCheck" finished-at="2022-08-02T01:17:30 UTC" duration-ms="2" status="PASS">
          <params>
            <param index="0">
              <value>
                <![CDATA[[TestResult name=verifyAddProduct status=SUCCESS method=ProductTest.verifyAddProduct()[pri:0, instance:tests.ProductTest@13c10b87] output={null}]]]>
              </value>
            </param>
          </params>
          <reporter-output>
          </reporter-output>
        </test-method> <!-- postTestCheck -->
        <test-method signature="verifyAddProductWithMapPayload()[pri:0, instance:tests.ProductTest@13c10b87]" started-at="2022-08-02T01:17:30 UTC" name="verifyAddProductWithMapPayload" finished-at="2022-08-02T01:17:31 UTC" duration-ms="416" status="PASS">
          <reporter-output>
          </reporter-output>
        </test-method> <!-- verifyAddProductWithMapPayload -->
        <test-method is-config="true" signature="postTestCheck(org.testng.ITestResult)[pri:0, instance:tests.ProductTest@13c10b87]" started-at="2022-08-02T01:17:31 UTC" name="postTestCheck" finished-at="2022-08-02T01:17:31 UTC" duration-ms="1" status="PASS">
          <params>
            <param index="0">
              <value>
                <![CDATA[[TestResult name=verifyAddProductWithMapPayload status=SUCCESS method=ProductTest.verifyAddProductWithMapPayload()[pri:0, instance:tests.ProductTest@13c10b87] output={null}]]]>
              </value>
            </param>
          </params>
          <reporter-output>
          </reporter-output>
        </test-method> <!-- postTestCheck -->
        <test-method signature="verifyGetRequest()[pri:0, instance:tests.ProductTest@13c10b87]" started-at="2022-08-02T01:17:31 UTC" name="verifyGetRequest" finished-at="2022-08-02T01:17:34 UTC" duration-ms="3842" status="PASS">
          <reporter-output>
          </reporter-output>
        </test-method> <!-- verifyGetRequest -->
        <test-method is-config="true" signature="postTestCheck(org.testng.ITestResult)[pri:0, instance:tests.ProductTest@13c10b87]" started-at="2022-08-02T01:17:34 UTC" name="postTestCheck" finished-at="2022-08-02T01:17:34 UTC" duration-ms="1" status="PASS">
          <params>
            <param index="0">
              <value>
                <![CDATA[[TestResult name=verifyGetRequest status=SUCCESS method=ProductTest.verifyGetRequest()[pri:0, instance:tests.ProductTest@13c10b87] output={null}]]]>
              </value>
            </param>
          </params>
          <reporter-output>
          </reporter-output>
        </test-method> <!-- postTestCheck -->
        <test-method is-config="true" signature="cleanup()[pri:0, instance:tests.ProductTest@13c10b87]" started-at="2022-08-02T01:17:34 UTC" name="cleanup" finished-at="2022-08-02T01:17:35 UTC" duration-ms="534" status="PASS">
          <reporter-output>
          </reporter-output>
        </test-method> <!-- cleanup -->
      </class> <!-- tests.ProductTest -->
    </test> <!-- Default test -->
  </suite> <!-- Default suite -->
</testng-results>
